#
# There is insufficient memory for the Java Runtime Environment to continue.
# Native memory allocation (malloc) failed to allocate 1048576 bytes for AllocateHeap
# Possible reasons:
#   The system is out of physical RAM or swap space
#   The process is running with CompressedOops enabled, and the Java Heap may be blocking the growth of the native heap
# Possible solutions:
#   Reduce memory load on the system
#   Increase physical memory or swap space
#   Check if swap backing store is full
#   Decrease Java heap size (-Xmx/-Xms)
#   Decrease number of Java threads
#   Decrease Java thread stack sizes (-Xss)
#   Set larger code cache with -XX:ReservedCodeCacheSize=
#   JVM is running with Unscaled Compressed Oops mode in which the Java heap is
#     placed in the first 4GB address space. The Java Heap base address is the
#     maximum limit for the native heap growth. Please use -XX:HeapBaseMinAddress
#     to set the Java Heap base and to place the Java Heap above 4GB virtual address.
# This output file may be truncated or incomplete.
#
#  Out of Memory Error (memory/allocation.inline.hpp:61), pid=19796, tid=0x0000000000001134
#
# JRE version:  (8.0_242-b01) (build )
# Java VM: OpenJDK 64-Bit Server VM (25.242-b01 mixed mode windows-amd64 compressed oops)
# Failed to write core dump. Minidumps are not enabled by default on client versions of Windows
#

---------------  T H R E A D  ---------------

Current thread (0x0000000002f2e800):  JavaThread "Unknown thread" [_thread_in_vm, id=4404, stack(0x0000000002f70000,0x0000000003070000)]

Stack: [0x0000000002f70000,0x0000000003070000]
[error occurred during error reporting (printing stack bounds), id 0xc0000005]

Native frames: (J=compiled Java code, j=interpreted, Vv=VM code, C=native code)


---------------  P R O C E S S  ---------------

Java Threads: ( => current thread )

Other Threads:

=>0x0000000002f2e800 (exited) JavaThread "Unknown thread" [_thread_in_vm, id=4404, stack(0x0000000002f70000,0x0000000003070000)]

VM state:not at safepoint (normal execution)

VM Mutex/Monitor currently owned by a thread: None

heap address: 0x0000000081c00000, size: 2020 MB, Compressed Oops mode: 32-bit
Narrow klass base: 0x0000000000000000, Narrow klass shift: 3
Compressed class space size: 1073741824 Address: 0x0000000100000000

Heap:
 PSYoungGen      total 38400K, used 665K [0x00000000d5f00000, 0x00000000d8980000, 0x0000000100000000)
  eden space 33280K, 2% used [0x00000000d5f00000,0x00000000d5fa6670,0x00000000d7f80000)
  from space 5120K, 0% used [0x00000000d8480000,0x00000000d8480000,0x00000000d8980000)
  to   space 5120K, 0% used [0x00000000d7f80000,0x00000000d7f80000,0x00000000d8480000)
 ParOldGen       total 87552K, used 0K [0x0000000081c00000, 0x0000000087180000, 0x00000000d5f00000)
  object space 87552K, 0% used [0x0000000081c00000,0x0000000081c00000,0x0000000087180000)
 Metaspace       used 779K, capacity 4480K, committed 4480K, reserved 1056768K
  class space    used 74K, capacity 384K, committed 384K, reserved 1048576K

Card table byte_map: [0x0000000012530000,0x0000000012930000] byte_map_base: 0x0000000012122000

Marking Bits: (ParMarkBitMap*) 0x00000000699ff030
 Begin Bits: [0x00000000133e0000, 0x0000000015370000)
 End Bits:   [0x0000000015370000, 0x0000000017300000)

Polling page: 0x0000000002e80000

CodeCache: size=245760Kb used=328Kb max_used=328Kb free=245431Kb
 bounds [0x0000000003170000, 0x00000000033e0000, 0x0000000012170000]
 total_blobs=57 nmethods=0 adapters=38
 compilation: enabled

Compilation events (0 events):
No events

GC Heap History (0 events):
No events

Deoptimization events (0 events):
No events

Classes redefined (0 events):
No events

Internal exceptions (0 events):
No events

Events (10 events):
Event: 0.017 loading class java/lang/Short
Event: 0.017 loading class java/lang/Short done
Event: 0.017 loading class java/lang/Integer
Event: 0.017 loading class java/lang/Integer done
Event: 0.017 loading class java/lang/Long
Event: 0.018 loading class java/lang/Long done
Event: 0.018 loading class java/lang/NullPointerException
Event: 0.018 loading class java/lang/NullPointerException done
Event: 0.018 loading class java/lang/ArithmeticException
Event: 0.018 loading class java/lang/ArithmeticException done


Dynamic libraries:
0x00007ff68f310000 - 0x00007ff68f341000 	C:\Android\Android Studio\jre\jre\bin\java.exe
0x00007ffb718f0000 - 0x00007ffb71ae5000 	C:\WINDOWS\SYSTEM32\ntdll.dll
0x00007ffb6fa00000 - 0x00007ffb6fabd000 	C:\WINDOWS\System32\KERNEL32.DLL
0x00007ffb6f4f0000 - 0x00007ffb6f7b8000 	C:\WINDOWS\System32\KERNELBASE.dll
0x00007ffb709b0000 - 0x00007ffb70a5c000 	C:\WINDOWS\System32\ADVAPI32.dll
0x00007ffb70b00000 - 0x00007ffb70b9e000 	C:\WINDOWS\System32\msvcrt.dll
0x00007ffb70a60000 - 0x00007ffb70afb000 	C:\WINDOWS\System32\sechost.dll
0x00007ffb70000000 - 0x00007ffb7012b000 	C:\WINDOWS\System32\RPCRT4.dll
0x00007ffb707b0000 - 0x00007ffb70950000 	C:\WINDOWS\System32\USER32.dll
0x00007ffb6f1f0000 - 0x00007ffb6f212000 	C:\WINDOWS\System32\win32u.dll
0x00007ffb70130000 - 0x00007ffb7015a000 	C:\WINDOWS\System32\GDI32.dll
0x00007ffb6f030000 - 0x00007ffb6f13b000 	C:\WINDOWS\System32\gdi32full.dll
0x00007ffb6f400000 - 0x00007ffb6f49d000 	C:\WINDOWS\System32\msvcp_win.dll
0x00007ffb6f2a0000 - 0x00007ffb6f3a0000 	C:\WINDOWS\System32\ucrtbase.dll
0x00007ffb57460000 - 0x00007ffb576fa000 	C:\WINDOWS\WinSxS\amd64_microsoft.windows.common-controls_6595b64144ccf1df_6.0.19041.844_none_ca00b6081b84eb1d\COMCTL32.dll
0x00007ffb70280000 - 0x00007ffb702b0000 	C:\WINDOWS\System32\IMM32.DLL
0x0000000067e20000 - 0x0000000067ef2000 	C:\Android\Android Studio\jre\jre\bin\msvcr100.dll
0x0000000069230000 - 0x0000000069a7b000 	C:\Android\Android Studio\jre\jre\bin\server\jvm.dll
0x00007ffb6fb20000 - 0x00007ffb6fb28000 	C:\WINDOWS\System32\PSAPI.DLL
0x00007ffb4efa0000 - 0x00007ffb4efa9000 	C:\WINDOWS\SYSTEM32\WSOCK32.dll
0x00007ffb582e0000 - 0x00007ffb58307000 	C:\WINDOWS\SYSTEM32\WINMM.dll
0x00007ffb620b0000 - 0x00007ffb620ba000 	C:\WINDOWS\SYSTEM32\VERSION.dll
0x00007ffb71820000 - 0x00007ffb7188b000 	C:\WINDOWS\System32\WS2_32.dll
0x00007ffb5aef0000 - 0x00007ffb5aeff000 	C:\Android\Android Studio\jre\jre\bin\verify.dll
0x00007ffb56f20000 - 0x00007ffb56f49000 	C:\Android\Android Studio\jre\jre\bin\java.dll
0x00007ffb49920000 - 0x00007ffb49936000 	C:\Android\Android Studio\jre\jre\bin\zip.dll

VM Arguments:
java_command: org.jetbrains.git4idea.http.GitAskPassApp Username for 'https://github.com': 
java_class_path (initial): C:/Android/Android Studio/plugins/git4idea/lib/git4idea-rt.jar;C:/Android/Android Studio/lib/xmlrpc-2.0.1.jar;C:/Android/Android Studio/lib/commons-codec-1.14.jar;C:/Android/Android Studio/lib/util.jar
Launcher Type: SUN_STANDARD

Environment Variables:
JAVA_HOME=C:\Program Files\Java\jdk-10
PATH=C:/Android/PortableGit/mingw64/libexec/git-core;C:/Android/PortableGit/mingw64/libexec/git-core;C:\Android\PortableGit\mingw64\bin;C:\Android\PortableGit\usr\bin;C:\Users\19022187\bin;C:\ProgramData\Oracle\Java\javapath;C:\WINDOWS\system32;C:\WINDOWS;C:\WINDOWS\System32\Wbem;C:\WINDOWS\System32\WindowsPowerShell\v1.0\;C:\WINDOWS\System32\OpenSSH\;C:\Program Files\MongoDB\Server\4.2\bin;C:\Program Files (x86)\GNU\GnuPG\pub;C:\Program Files\nodejs\;C:\Program Files\Git\cmd;C:\Android\Sdk\platform-tools;C:\Users\19022187\AppData\Local\Microsoft\WindowsApps;C:\Users\19022187\AppData\Roaming\npm
USERNAME=19022187
DISPLAY=:0.0
OS=Windows_NT
PROCESSOR_IDENTIFIER=Intel64 Family 6 Model 142 Stepping 10, GenuineIntel



---------------  S Y S T E M  ---------------

OS: Windows 10.0 , 64 bit Build 19041 (10.0.19041.928)

CPU:total 8 (initial active 8) (4 cores per cpu, 2 threads per core) family 6 model 142 stepping 10, cmov, cx8, fxsr, mmx, sse, sse2, sse3, ssse3, sse4.1, sse4.2, popcnt, avx, avx2, aes, clmul, erms, 3dnowpref, lzcnt, ht, tsc, tscinvbit, bmi1, bmi2, adx

Memory: 4k page, physical 8270052k(741320k free), swap 13878128k(6084k free)

vm_info: OpenJDK 64-Bit Server VM (25.242-b01) for windows-amd64 JRE (1.8.0_242-release-1644-b01), built by "builder" with MS VC++ 10.0 (VS2010)

time: Wed Jun 16 17:39:47 2021
timezone: Malay Peninsula Standard Time
elapsed time: 0 seconds (0d 0h 0m 0s)

